[2021-07-08 19:38:54.149] [exthost] [info] extension host started
[2021-07-08 19:38:54.184] [exthost] [info] ExtensionService#_doActivateExtension vscode.debug-auto-launch {"startup":true,"extensionId":{"value":"vscode.debug-auto-launch","_lower":"vscode.debug-auto-launch"},"activationEvent":"*"}
[2021-07-08 19:38:54.184] [exthost] [info] ExtensionService#loadCommonJSModule file:///home/daichinagai/.vscode-server/bin/507ce72a4466fbb27b715c3722558bb15afa9f48/extensions/debug-auto-launch/dist/extension
[2021-07-08 19:38:54.192] [exthost] [info] ExtensionService#_doActivateExtension vscode.git {"startup":true,"extensionId":{"value":"vscode.github","_lower":"vscode.github"},"activationEvent":"*"}
[2021-07-08 19:38:54.193] [exthost] [info] ExtensionService#loadCommonJSModule file:///home/daichinagai/.vscode-server/bin/507ce72a4466fbb27b715c3722558bb15afa9f48/extensions/git/dist/main
[2021-07-08 19:38:54.431] [exthost] [info] ExtensionService#_doActivateExtension vscode.github {"startup":true,"extensionId":{"value":"vscode.github","_lower":"vscode.github"},"activationEvent":"*"}
[2021-07-08 19:38:54.431] [exthost] [info] ExtensionService#loadCommonJSModule file:///home/daichinagai/.vscode-server/bin/507ce72a4466fbb27b715c3722558bb15afa9f48/extensions/github/dist/extension.js
[2021-07-08 19:38:54.578] [exthost] [info] ExtensionService#_doActivateExtension vscode.emmet {"startup":false,"extensionId":{"value":"vscode.emmet","_lower":"vscode.emmet"},"activationEvent":"onStartupFinished"}
[2021-07-08 19:38:54.578] [exthost] [info] ExtensionService#loadCommonJSModule file:///home/daichinagai/.vscode-server/bin/507ce72a4466fbb27b715c3722558bb15afa9f48/extensions/emmet/dist/node/emmetNodeMain
[2021-07-08 19:38:54.593] [exthost] [info] ExtensionService#_doActivateExtension vscode.merge-conflict {"startup":false,"extensionId":{"value":"vscode.merge-conflict","_lower":"vscode.merge-conflict"},"activationEvent":"onStartupFinished"}
[2021-07-08 19:38:54.593] [exthost] [info] ExtensionService#loadCommonJSModule file:///home/daichinagai/.vscode-server/bin/507ce72a4466fbb27b715c3722558bb15afa9f48/extensions/merge-conflict/dist/mergeConflictMain
[2021-07-08 19:38:54.599] [exthost] [info] ExtensionService#_doActivateExtension vscode.testing-editor-contributions {"startup":false,"extensionId":{"value":"vscode.testing-editor-contributions","_lower":"vscode.testing-editor-contributions"},"activationEvent":"onStartupFinished"}
[2021-07-08 19:38:54.599] [exthost] [info] ExtensionService#loadCommonJSModule file:///home/daichinagai/.vscode-server/bin/507ce72a4466fbb27b715c3722558bb15afa9f48/extensions/testing-editor-contributions/dist/extension.js
[2021-07-08 19:38:54.600] [exthost] [info] eager extensions activated
[2021-07-08 19:38:54.634] [exthost] [info] ExtensionService#_doActivateExtension ms-vscode.js-debug {"startup":false,"extensionId":{"value":"ms-vscode.js-debug","_lower":"ms-vscode.js-debug"},"activationEvent":"onCommand:extension.js-debug.clearAutoAttachVariables"}
[2021-07-08 19:38:54.635] [exthost] [info] ExtensionService#loadCommonJSModule file:///home/daichinagai/.vscode-server/bin/507ce72a4466fbb27b715c3722558bb15afa9f48/extensions/ms-vscode.js-debug/src/extension.js
[2021-07-08 19:38:55.251] [exthost] [warning] [Decorations] CAPPING events from decorations provider vscode.git 1442
[2021-07-08 19:38:57.115] [exthost] [warning] [Decorations] CAPPING events from decorations provider vscode.git 1442
[2021-07-08 19:39:02.654] [exthost] [warning] [Decorations] CAPPING events from decorations provider vscode.git 1442
[2021-07-08 19:39:03.977] [exthost] [info] ExtensionService#_doActivateExtension vscode.html-language-features {"startup":false,"extensionId":{"value":"vscode.html-language-features","_lower":"vscode.html-language-features"},"activationEvent":"onLanguage:html"}
[2021-07-08 19:39:03.977] [exthost] [info] ExtensionService#loadCommonJSModule file:///home/daichinagai/.vscode-server/bin/507ce72a4466fbb27b715c3722558bb15afa9f48/extensions/html-language-features/client/dist/node/htmlClientMain
[2021-07-08 19:39:08.179] [exthost] [warning] [Decorations] CAPPING events from decorations provider vscode.git 1442
[2021-07-08 19:39:13.751] [exthost] [warning] [Decorations] CAPPING events from decorations provider vscode.git 1442
[2021-07-08 19:39:19.372] [exthost] [warning] [Decorations] CAPPING events from decorations provider vscode.git 1442
[2021-07-08 19:39:24.917] [exthost] [warning] [Decorations] CAPPING events from decorations provider vscode.git 1442
[2021-07-08 19:39:30.500] [exthost] [warning] [Decorations] CAPPING events from decorations provider vscode.git 1442
[2021-07-08 19:39:36.065] [exthost] [warning] [Decorations] CAPPING events from decorations provider vscode.git 1442
[2021-07-08 19:39:41.777] [exthost] [warning] [Decorations] CAPPING events from decorations provider vscode.git 1442
[2021-07-08 19:39:47.900] [exthost] [warning] [Decorations] CAPPING events from decorations provider vscode.git 1442
[2021-07-08 19:39:53.501] [exthost] [warning] [Decorations] CAPPING events from decorations provider vscode.git 1442
[2021-07-08 19:39:59.086] [exthost] [warning] [Decorations] CAPPING events from decorations provider vscode.git 1442
[2021-07-08 19:40:04.659] [exthost] [warning] [Decorations] CAPPING events from decorations provider vscode.git 1442
[2021-07-08 19:40:05.282] [exthost] [info] extension host terminating: received terminate message from renderer
[2021-07-08 19:40:06.298] [exthost] [info] exiting with code 0
