Looking for git in: git
Using git 2.25.1 from git
> git rev-parse --git-dir
Open repository: /home/daichinagai/codevillage
> git status -z -u
> git symbolic-ref --short HEAD
> git for-each-ref --format=%(refname)%00%(upstream:short)%00%(objectname)%00%(upstream:track) refs/heads/master refs/remotes/master
> git for-each-ref --sort -committerdate --format %(refname) %(objectname) %(*objectname)
> git remote --verbose
> git check-ignore -v -z --stdin
> git config --get commit.template
> git show --textconv :index.html
> git ls-files --stage -- /home/daichinagai/codevillage/index.html
> git cat-file -s e69de29bb2d1d6434b8b29ae775ad8c2e48c5391
> git show --textconv :main.css
> git ls-files --stage -- /home/daichinagai/codevillage/main.css
> git show --textconv :sample.txt
> git ls-files --stage -- /home/daichinagai/codevillage/sample.txt
> git show --textconv :index.html
> git ls-files --stage -- /home/daichinagai/codevillage/index.html
> git cat-file -s e69de29bb2d1d6434b8b29ae775ad8c2e48c5391
